TN:
SF:C:\Projetos\Javascript\testes\hiring\node\dashboard\src\components\Home.vue
FN:50,(anonymous_0)
FN:51,(anonymous_1)
FN:54,(anonymous_2)
FN:56,(anonymous_3)
FN:69,(anonymous_4)
FN:76,(anonymous_5)
FN:84,(anonymous_6)
FN:88,(anonymous_7)
FNF:8
FNH:2
FNDA:0,(anonymous_0)
FNDA:0,(anonymous_1)
FNDA:0,(anonymous_2)
FNDA:0,(anonymous_3)
FNDA:0,(anonymous_4)
FNDA:1,(anonymous_5)
FNDA:1,(anonymous_6)
FNDA:0,(anonymous_7)
DA:35,1
DA:36,1
DA:37,1
DA:38,0
DA:40,1
DA:41,1
DA:42,1
DA:44,0
DA:51,0
DA:52,0
DA:53,0
DA:54,0
DA:56,0
DA:59,1
DA:67,2
DA:68,2
DA:69,2
DA:70,0
DA:71,0
DA:73,2
DA:74,2
DA:77,1
DA:78,1
DA:79,1
DA:81,0
DA:83,1
DA:85,1
DA:86,1
DA:89,0
DA:90,0
DA:94,0
DA:97,0
DA:100,2
DA:101,2
LF:34
LH:20
BRDA:37,0,0,0
BRDA:37,0,1,1
BRDA:41,1,0,1
BRDA:41,1,1,0
BRDA:69,2,0,0
BRDA:69,2,1,2
BRDA:69,3,0,2
BRDA:69,3,1,2
BRDA:77,4,0,1
BRDA:77,4,1,0
BRF:10
BRH:6
end_of_record
TN:
SF:C:\Projetos\Javascript\testes\hiring\node\dashboard\src\App.vue
FNF:0
FNH:0
LF:0
LH:0
BRF:0
BRH:0
end_of_record
TN:
SF:C:\Projetos\Javascript\testes\hiring\node\dashboard\src\router\index.js
FN:4,load
FN:5,(anonymous_1)
FN:9,(anonymous_2)
FNF:3
FNH:1
FNDA:1,load
FNDA:0,(anonymous_1)
FNDA:0,(anonymous_2)
DA:3,1
DA:5,1
DA:9,0
LF:3
LH:2
BRF:0
BRH:0
end_of_record
TN:
SF:C:\Projetos\Javascript\testes\hiring\node\dashboard\src\store\index.js
FNF:0
FNH:0
DA:3,1
DA:11,0
DA:12,0
DA:16,0
DA:17,0
DA:20,0
DA:21,0
DA:22,0
DA:23,0
DA:27,0
DA:28,0
DA:31,0
DA:32,0
DA:35,0
DA:36,0
LF:15
LH:1
BRDA:11,0,0,0
BRDA:11,0,1,0
BRDA:11,1,0,0
BRDA:11,1,1,0
BRDA:21,2,0,0
BRDA:21,2,1,0
BRF:6
BRH:0
end_of_record
